 0 9.42384
 100 7.22972
 200 6.90665
 300 6.85847
 400 6.83785
 500 6.77753
 600 6.72859
 700 6.72154
 800 6.71862
 900 6.71671
 1000 6.71499
 1100 6.71233
 1200 6.68716
 1300 4.95847
 1400 4.69986
 1500 4.66879
 1600 4.65691
 1700 4.65066
 1800 4.64681
 1900 4.64421
 2000 4.64232
 2100 4.64090
 2200 4.63979
 2300 4.63890
 2400 4.63817
 2500 4.63756
 2600 4.63704
 2700 4.63660
 2800 4.63622
 2900 4.63588
 3000 4.63558
 3100 4.63532
 3200 4.63508
 3300 4.63487
 3400 4.63468
 3500 4.63450
 3600 4.63434
 3700 4.63420
 3800 4.63406
 3900 4.63394
 4000 4.63382
 4100 4.63372
 4200 4.63362
 4300 4.63352
 4400 4.63344
 4500 4.63336
 4600 4.63328
 4700 4.63321
 4800 4.63314
 4900 4.63308
 5000 4.63302
 5100 4.63296
 5200 4.63290
 5300 4.63285
 5400 4.63280
 5500 4.63276
 5600 4.63271
 5700 4.63267
 5800 4.63263
 5900 4.63259
 6000 4.63255
 6100 4.63252
 6200 4.63248
 6300 4.63245
 6400 4.63242
 6500 4.63239
 6600 4.63236
 6700 4.63233
 6800 4.63231
 6900 4.63228
 7000 4.63225
 7100 4.63223
 7200 4.63221
 7300 4.63218
 7400 4.63216
 7500 4.63214
 7600 4.63212
 7700 4.63210
 7800 4.63208
 7900 4.63206
 8000 4.63205
 8100 4.63203
 8200 4.63201
 8300 4.63199
 8400 4.63198
 8500 4.63196
 8600 4.63195
 8700 4.63193
 8800 4.63192
 8900 4.63190
 9000 4.63189
 9100 4.63188
 9200 4.63186
 9300 4.63185
 9400 4.63184
 9500 4.63183
 9600 4.63182
 9700 4.63180
 9800 4.63179
 9900 4.63178
 10000 4.63177
 10100 4.63176
 10200 4.63175
 10300 4.63174
 10400 4.63173
 10500 4.63172
 10600 4.63171
 10700 4.63170
 10800 4.63170
 10900 4.63169
 11000 4.63168
 11100 4.63167
 11200 4.63166
 11300 4.63165
 11400 4.63165
 11500 4.63164
 11600 4.63163
 11700 4.63162
 11800 4.63162
 11900 4.63161
 12000 4.63160
 12100 4.63159
 12200 4.63159
 12300 4.63158
 12400 4.63158
 12500 4.63157
 12600 4.63156
 12700 4.63156
 12800 4.63155
 12900 4.63154
 13000 4.63154
 13100 4.63153
 13200 4.63153
 13300 4.63152
 13400 4.63152
 13500 4.63151
 13600 4.63151
 13700 4.63150
 13800 4.63150
 13900 4.63149
 14000 4.63149
 14100 4.63148
 14200 4.63148
 14300 4.63147
 14400 4.63147
 14500 4.63146
 14600 4.63146
 14700 4.63145
 14800 4.63145
 14900 4.63144
 15000 4.63144
 15100 4.63144
 15200 4.63143
 15300 4.63143
 15400 4.63142
 15500 4.63142
 15600 4.63142
 15700 4.63141
 15800 4.63141
 15900 4.63140
 16000 4.63140
 16100 4.63140
 16200 4.63139
 16300 4.63139
 16400 4.63139
 16500 4.63138
 16600 4.63138
 16700 4.63138
 16800 4.63137
 16900 4.63137
 17000 4.63137
 17100 4.63136
 17200 4.63136
 17300 4.63136
 17400 4.63135
 17500 4.63135
 17600 4.63135
 17700 4.63135
 17800 4.63134
 17900 4.63134
 18000 4.63134
 18100 4.63133
 18200 4.63133
 18300 4.63133
 18400 4.63133
 18500 4.63132
 18600 4.63132
 18700 4.63132
 18800 4.63132
 18900 4.63131
 19000 4.63131
 19100 4.63131
 19200 4.63131
 19300 4.63130
 19400 4.63130
 19500 4.63130
 19600 4.63130
 19700 4.63129
 19800 4.63129
 19900 4.63129
 20000 4.63129
 20100 4.63128
 20200 4.63128
 20300 4.63128
 20400 4.63128
 20500 4.63128
 20600 4.63127
 20700 4.63127
 20800 4.63127
 20900 4.63127
 21000 4.63127
 21100 4.63126
 21200 4.63126
 21300 4.63126
 21400 4.63126
 21500 4.63126
 21600 4.63125
 21700 4.63125
 21800 4.63125
 21900 4.63125
 22000 4.63125
 22100 4.63124
 22200 4.63124
 22300 4.63124
 22400 4.63124
 22500 4.63124
 22600 4.63124
 22700 4.63123
 22800 4.63123
 22900 4.63123
 23000 4.63123
 23100 4.63123
 23200 4.63123
 23300 4.63122
 23400 4.63122
 23500 4.63122
 23600 4.63122
 23700 4.63122
 23800 4.63122
 23900 4.63121
 24000 4.63121
 24100 4.63121
 24200 4.63121
 24300 4.63121
 24400 4.63121
 24500 4.63121
 24600 4.63120
 24700 4.63120
 24800 4.63120
 24900 4.63120
 25000 4.63120
 25100 4.63120
 25200 4.63120
 25300 4.63119
 25400 4.63119
 25500 4.63119
 25600 4.63119
 25700 4.63119
 25800 4.63119
 25900 4.63119
 26000 4.63118
 26100 4.63118
 26200 4.63118
 26300 4.63118
 26400 4.63118
 26500 4.63118
 26600 4.63118
 26700 4.63118
 26800 4.63117
 26900 4.63117
 27000 4.63117
 27100 4.63117
 27200 4.63117
 27300 4.63117
 27400 4.63117
 27500 4.63117
 27600 4.63117
 27700 4.63116
 27800 4.63116
 27900 4.63116
 28000 4.63116
 28100 4.63116
 28200 4.63116
 28300 4.63116
 28400 4.63116
 28500 4.63116
 28600 4.63115
 28700 4.63115
 28800 4.63115
 28900 4.63115
 29000 4.63115
 29100 4.63115
 29200 4.63115
 29300 4.63115
 29400 4.63115
 29500 4.63115
 29600 4.63114
 29700 4.63114
 29800 4.63114
 29900 4.63114
 30000 4.63114
 30100 4.63114
 30200 4.63114
 30300 4.63114
 30400 4.63114
 30500 4.63114
 30600 4.63113
 30700 4.63113
 30800 4.63113
 30900 4.63113
 31000 4.63113
 31100 4.63113
 31200 4.63113
 31300 4.63113
 31400 4.63113
 31500 4.63113
 31600 4.63113
 31700 4.63113
 31800 4.63112
 31900 4.63112
 32000 4.63112
 32100 4.63112
 32200 4.63112
 32300 4.63112
 32400 4.63112
 32500 4.63112
 32600 4.63112
 32700 4.63112
 32800 4.63112
 32900 4.63112
 33000 4.63111
 33100 4.63111
 33200 4.63111
 33300 4.63111
 33400 4.63111
 33500 4.63111
 33600 4.63111
 33700 4.63111
 33800 4.63111
 33900 4.63111
 34000 4.63111
 34100 4.63111
 34200 4.63111
 34300 4.63110
 34400 4.63110
 34500 4.63110
 34600 4.63110
 34700 4.63110
 34800 4.63110
 34900 4.63110
 35000 4.63110
 35100 4.63110
 35200 4.63110
 35300 4.63110
 35400 4.63110
 35500 4.63110
 35600 4.63110
 35700 4.63110
 35800 4.63109
 35900 4.63109
 36000 4.63109
 36100 4.63109
 36200 4.63109
 36300 4.63109
 36400 4.63109
 36500 4.63109
 36600 4.63109
 36700 4.63109
 36800 4.63109
 36900 4.63109
 37000 4.63109
 37100 4.63109
 37200 4.63109
 37300 4.63109
 37400 4.63108
 37500 4.63108
 37600 4.63108
 37700 4.63108
 37800 4.63108
 37900 4.63108
 38000 4.63108
 38100 4.63108
 38200 4.63108
 38300 4.63108
 38400 4.63108
 38500 4.63108
 38600 4.63108
 38700 4.63108
 38800 4.63108
 38900 4.63108
 39000 4.63108
 39100 4.63107
 39200 4.63107
 39300 4.63107
 39400 4.63107
 39500 4.63107
 39600 4.63107
 39700 4.63107
 39800 4.63107
 39900 4.63107
 40000 4.63107
 40100 4.63107
 40200 4.63107
 40300 4.63107
 40400 4.63107
 40500 4.63107
 40600 4.63107
 40700 4.63107
 40800 4.63107
 40900 4.63107
 41000 4.63106
 41100 4.63106
 41200 4.63106
 41300 4.63106
 41400 4.63106
 41500 4.63106
 41600 4.63106
 41700 4.63106
 41800 4.63106
 41900 4.63106
 42000 4.63106
 42100 4.63106
 42200 4.63106
 42300 4.63106
 42400 4.63106
 42500 4.63106
 42600 4.63106
 42700 4.63106
 42800 4.63106
 42900 4.63106
 43000 4.63106
 43100 4.63105
 43200 4.63105
 43300 4.63105
 43400 4.63105
 43500 4.63105
 43600 4.63105
 43700 4.63105
 43800 4.63105
 43900 4.63105
 44000 4.63105
 44100 4.63105
 44200 4.63105
 44300 4.63105
 44400 4.63105
 44500 4.63105
 44600 4.63105
 44700 4.63105
 44800 4.63105
 44900 4.63105
 45000 4.63105
 45100 4.63105
 45200 4.63105
 45300 4.63105
 45400 4.63105
 45500 4.63104
 45600 4.63104
 45700 4.63104
 45800 4.63104
 45900 4.63104
 46000 4.63104
 46100 4.63104
 46200 4.63104
 46300 4.63104
 46400 4.63104
 46500 4.63104
 46600 4.63104
 46700 4.63104
 46800 4.63104
 46900 4.63104
 47000 4.63104
 47100 4.63104
 47200 4.63104
 47300 4.63104
 47400 4.63104
 47500 4.63104
 47600 4.63104
 47700 4.63104
 47800 4.63104
 47900 4.63104
 48000 4.63104
 48100 4.63103
 48200 4.63103
 48300 4.63103
 48400 4.63103
 48500 4.63103
 48600 4.63103
 48700 4.63103
 48800 4.63103
 48900 4.63103
 49000 4.63103
 49100 4.63103
 49200 4.63103
 49300 4.63103
 49400 4.63103
 49500 4.63103
 49600 4.63103
 49700 4.63103
 49800 4.63103
 49900 4.63103
 49999 4.63103
