 0 8.16641
 100 7.75101
 200 7.70161
 300 7.69451
 400 7.69183
 500 7.69038
 600 7.68944
 700 7.68875
 800 7.68821
 900 7.68775
 1000 7.68734
 1100 7.68695
 1200 7.68659
 1300 7.68622
 1400 7.68585
 1500 7.68545
 1600 7.68504
 1700 7.68459
 1800 7.68410
 1900 7.68355
 2000 7.68294
 2100 7.68224
 2200 7.68145
 2300 7.68055
 2400 7.67953
 2500 7.67837
 2600 7.67708
 2700 7.67566
 2800 7.67417
 2900 7.67264
 3000 7.67116
 3100 7.66977
 3200 7.66853
 3300 7.66745
 3400 7.66654
 3500 7.66576
 3600 7.66512
 3700 7.66457
 3800 7.66411
 3900 7.66372
 4000 7.66338
 4100 7.66309
 4200 7.66283
 4300 7.66261
 4400 7.66242
 4500 7.66224
 4600 7.66208
 4700 7.66194
 4800 7.66181
 4900 7.66170
 5000 7.66159
 5100 7.66149
 5200 7.66140
 5300 7.66132
 5400 7.66124
 5500 7.66117
 5600 7.66110
 5700 7.66104
 5800 7.66098
 5900 7.66093
 6000 7.66088
 6100 7.66083
 6200 7.66078
 6300 7.66074
 6400 7.66069
 6500 7.66065
 6600 7.66062
 6700 7.66058
 6800 7.66055
 6900 7.66051
 7000 7.66048
 7100 7.66045
 7200 7.66042
 7300 7.66039
 7400 7.66036
 7500 7.66034
 7600 7.66031
 7700 7.66029
 7800 7.66026
 7900 7.66024
 8000 7.66022
 8100 7.66020
 8200 7.66018
 8300 7.66016
 8400 7.66014
 8500 7.66012
 8600 7.66010
 8700 7.66008
 8800 7.66006
 8900 7.66005
 9000 7.66003
 9100 7.66001
 9200 7.66000
 9300 7.65998
 9400 7.65996
 9500 7.65995
 9600 7.65994
 9700 7.65992
 9800 7.65991
 9900 7.65989
 10000 7.65988
 10100 7.65987
 10200 7.65985
 10300 7.65984
 10400 7.65983
 10500 7.65982
 10600 7.65980
 10700 7.65979
 10800 7.65978
 10900 7.65977
 11000 7.65976
 11100 7.65975
 11200 7.65973
 11300 7.65972
 11400 7.65971
 11500 7.65970
 11600 7.65969
 11700 7.65968
 11800 7.65967
 11900 7.65966
 12000 7.65965
 12100 7.65964
 12200 7.65963
 12300 7.65962
 12400 7.65961
 12500 7.65961
 12600 7.65960
 12700 7.65959
 12800 7.65958
 12900 7.65957
 13000 7.65956
 13100 7.65955
 13200 7.65954
 13300 7.65954
 13400 7.65953
 13500 7.65952
 13600 7.65951
 13700 7.65950
 13800 7.65950
 13900 7.65949
 14000 7.65948
 14100 7.65947
 14200 7.65947
 14300 7.65946
 14400 7.65945
 14500 7.65944
 14600 7.65944
 14700 7.65943
 14800 7.65942
 14900 7.65941
 15000 7.65941
 15100 7.65940
 15200 7.65939
 15300 7.65939
 15400 7.65938
 15500 7.65937
 15600 7.65937
 15700 7.65936
 15800 7.65935
 15900 7.65935
 16000 7.65934
 16100 7.65933
 16200 7.65933
 16300 7.65932
 16400 7.65932
 16500 7.65931
 16600 7.65930
 16700 7.65930
 16800 7.65929
 16900 7.65929
 17000 7.65928
 17100 7.65927
 17200 7.65927
 17300 7.65926
 17400 7.65926
 17500 7.65925
 17600 7.65924
 17700 7.65924
 17800 7.65923
 17900 7.65923
 18000 7.65922
 18100 7.65922
 18200 7.65921
 18300 7.65921
 18400 7.65920
 18500 7.65919
 18600 7.65919
 18700 7.65918
 18800 7.65918
 18900 7.65917
 19000 7.65917
 19100 7.65916
 19200 7.65916
 19300 7.65915
 19400 7.65915
 19500 7.65914
 19600 7.65914
 19700 7.65913
 19800 7.65913
 19900 7.65912
 20000 7.65912
 20100 7.65911
 20200 7.65911
 20300 7.65910
 20400 7.65910
 20500 7.65909
 20600 7.65909
 20700 7.65908
 20800 7.65908
 20900 7.65907
 21000 7.65907
 21100 7.65906
 21200 7.65906
 21300 7.65906
 21400 7.65905
 21500 7.65905
 21600 7.65904
 21700 7.65904
 21800 7.65903
 21900 7.65903
 22000 7.65902
 22100 7.65902
 22200 7.65901
 22300 7.65901
 22400 7.65901
 22500 7.65900
 22600 7.65900
 22700 7.65899
 22800 7.65899
 22900 7.65898
 23000 7.65898
 23100 7.65898
 23200 7.65897
 23300 7.65897
 23400 7.65896
 23500 7.65896
 23600 7.65895
 23700 7.65895
 23800 7.65895
 23900 7.65894
 24000 7.65894
 24100 7.65893
 24200 7.65893
 24300 7.65893
 24400 7.65892
 24500 7.65892
 24600 7.65891
 24700 7.65891
 24800 7.65891
 24900 7.65890
 25000 7.65890
 25100 7.65889
 25200 7.65889
 25300 7.65889
 25400 7.65888
 25500 7.65888
 25600 7.65887
 25700 7.65887
 25800 7.65887
 25900 7.65886
 26000 7.65886
 26100 7.65885
 26200 7.65885
 26300 7.65885
 26400 7.65884
 26500 7.65884
 26600 7.65884
 26700 7.65883
 26800 7.65883
 26900 7.65883
 27000 7.65882
 27100 7.65882
 27200 7.65881
 27300 7.65881
 27400 7.65881
 27500 7.65880
 27600 7.65880
 27700 7.65880
 27800 7.65879
 27900 7.65879
 28000 7.65879
 28100 7.65878
 28200 7.65878
 28300 7.65877
 28400 7.65877
 28500 7.65877
 28600 7.65876
 28700 7.65876
 28800 7.65876
 28900 7.65875
 29000 7.65875
 29100 7.65875
 29200 7.65874
 29300 7.65874
 29400 7.65874
 29500 7.65873
 29600 7.65873
 29700 7.65873
 29800 7.65872
 29900 7.65872
 30000 7.65872
 30100 7.65871
 30200 7.65871
 30300 7.65871
 30400 7.65870
 30500 7.65870
 30600 7.65870
 30700 7.65869
 30800 7.65869
 30900 7.65869
 31000 7.65868
 31100 7.65868
 31200 7.65868
 31300 7.65867
 31400 7.65867
 31500 7.65867
 31600 7.65866
 31700 7.65866
 31800 7.65866
 31900 7.65865
 32000 7.65865
 32100 7.65865
 32200 7.65864
 32300 7.65864
 32400 7.65864
 32500 7.65864
 32600 7.65863
 32700 7.65863
 32800 7.65863
 32900 7.65862
 33000 7.65862
 33100 7.65862
 33200 7.65861
 33300 7.65861
 33400 7.65861
 33500 7.65860
 33600 7.65860
 33700 7.65860
 33800 7.65860
 33900 7.65859
 34000 7.65859
 34100 7.65859
 34200 7.65858
 34300 7.65858
 34400 7.65858
 34500 7.65857
 34600 7.65857
 34700 7.65857
 34800 7.65857
 34900 7.65856
 35000 7.65856
 35100 7.65856
 35200 7.65855
 35300 7.65855
 35400 7.65855
 35500 7.65854
 35600 7.65854
 35700 7.65854
 35800 7.65854
 35900 7.65853
 36000 7.65853
 36100 7.65853
 36200 7.65852
 36300 7.65852
 36400 7.65852
 36500 7.65852
 36600 7.65851
 36700 7.65851
 36800 7.65851
 36900 7.65850
 37000 7.65850
 37100 7.65850
 37200 7.65850
 37300 7.65849
 37400 7.65849
 37500 7.65849
 37600 7.65848
 37700 7.65848
 37800 7.65848
 37900 7.65848
 38000 7.65847
 38100 7.65847
 38200 7.65847
 38300 7.65847
 38400 7.65846
 38500 7.65846
 38600 7.65846
 38700 7.65845
 38800 7.65845
 38900 7.65845
 39000 7.65845
 39100 7.65844
 39200 7.65844
 39300 7.65844
 39400 7.65844
 39500 7.65843
 39600 7.65843
 39700 7.65843
 39800 7.65842
 39900 7.65842
 40000 7.65842
 40100 7.65842
 40200 7.65841
 40300 7.65841
 40400 7.65841
 40500 7.65841
 40600 7.65840
 40700 7.65840
 40800 7.65840
 40900 7.65840
 41000 7.65839
 41100 7.65839
 41200 7.65839
 41300 7.65839
 41400 7.65838
 41500 7.65838
 41600 7.65838
 41700 7.65837
 41800 7.65837
 41900 7.65837
 42000 7.65837
 42100 7.65836
 42200 7.65836
 42300 7.65836
 42400 7.65836
 42500 7.65835
 42600 7.65835
 42700 7.65835
 42800 7.65835
 42900 7.65834
 43000 7.65834
 43100 7.65834
 43200 7.65834
 43300 7.65833
 43400 7.65833
 43500 7.65833
 43600 7.65833
 43700 7.65832
 43800 7.65832
 43900 7.65832
 44000 7.65832
 44100 7.65831
 44200 7.65831
 44300 7.65831
 44400 7.65831
 44500 7.65830
 44600 7.65830
 44700 7.65830
 44800 7.65830
 44900 7.65829
 45000 7.65829
 45100 7.65829
 45200 7.65829
 45300 7.65828
 45400 7.65828
 45500 7.65828
 45600 7.65828
 45700 7.65827
 45800 7.65827
 45900 7.65827
 46000 7.65827
 46100 7.65826
 46200 7.65826
 46300 7.65826
 46400 7.65826
 46500 7.65826
 46600 7.65825
 46700 7.65825
 46800 7.65825
 46900 7.65825
 47000 7.65824
 47100 7.65824
 47200 7.65824
 47300 7.65824
 47400 7.65823
 47500 7.65823
 47600 7.65823
 47700 7.65823
 47800 7.65822
 47900 7.65822
 48000 7.65822
 48100 7.65822
 48200 7.65821
 48300 7.65821
 48400 7.65821
 48500 7.65821
 48600 7.65821
 48700 7.65820
 48800 7.65820
 48900 7.65820
 49000 7.65820
 49100 7.65819
 49200 7.65819
 49300 7.65819
 49400 7.65819
 49500 7.65818
 49600 7.65818
 49700 7.65818
 49800 7.65818
 49900 7.65818
 49999 7.65817
