 0 7.55051
 100 4.94928
 200 4.64001
 300 3.88999
 400 3.67554
 500 3.59318
 600 3.55202
 700 3.52768
 800 3.51144
 900 3.49962
 1000 3.49042
 1100 3.48290
 1200 3.47650
 1300 3.47087
 1400 3.46580
 1500 3.46113
 1600 3.45675
 1700 3.45259
 1800 3.44857
 1900 3.44466
 2000 3.44082
 2100 3.43701
 2200 3.43321
 2300 3.42940
 2400 3.42555
 2500 3.42166
 2600 3.41771
 2700 3.41369
 2800 3.40959
 2900 3.40540
 3000 3.40111
 3100 3.39672
 3200 3.39222
 3300 3.38760
 3400 3.38287
 3500 3.37801
 3600 3.37304
 3700 3.36793
 3800 3.36270
 3900 3.35735
 4000 3.35187
 4100 3.34627
 4200 3.34055
 4300 3.33471
 4400 3.32877
 4500 3.32271
 4600 3.31656
 4700 3.31031
 4800 3.30397
 4900 3.29754
 5000 3.29104
 5100 3.28445
 5200 3.27779
 5300 3.27105
 5400 3.26424
 5500 3.25735
 5600 3.25038
 5700 3.24332
 5800 3.23616
 5900 3.22889
 6000 3.22150
 6100 3.21399
 6200 3.20632
 6300 3.19850
 6400 3.19049
 6500 3.18228
 6600 3.17385
 6700 3.16517
 6800 3.15621
 6900 3.14695
 7000 3.13734
 7100 3.12736
 7200 3.11695
 7300 3.10606
 7400 3.09465
 7500 3.08264
 7600 3.06997
 7700 3.05658
 7800 3.04239
 7900 3.02735
 8000 3.01147
 8100 2.99480
 8200 2.97754
 8300 2.96000
 8400 2.94267
 8500 2.92603
 8600 2.91051
 8700 2.89637
 8800 2.88367
 8900 2.87235
 9000 2.86231
 9100 2.85339
 9200 2.84544
 9300 2.83834
 9400 2.83197
 9500 2.82622
 9600 2.82102
 9700 2.81629
 9800 2.81197
 9900 2.80802
 10000 2.80438
 10100 2.80103
 10200 2.79793
 10300 2.79505
 10400 2.79237
 10500 2.78987
 10600 2.78754
 10700 2.78535
 10800 2.78330
 10900 2.78137
 11000 2.77955
 11100 2.77783
 11200 2.77621
 11300 2.77467
 11400 2.77321
 11500 2.77183
 11600 2.77051
 11700 2.76926
 11800 2.76806
 11900 2.76692
 12000 2.76583
 12100 2.76479
 12200 2.76380
 12300 2.76284
 12400 2.76192
 12500 2.76105
 12600 2.76020
 12700 2.75939
 12800 2.75861
 12900 2.75786
 13000 2.75713
 13100 2.75643
 13200 2.75576
 13300 2.75511
 13400 2.75448
 13500 2.75387
 13600 2.75328
 13700 2.75271
 13800 2.75216
 13900 2.75163
 14000 2.75111
 14100 2.75061
 14200 2.75012
 14300 2.74965
 14400 2.74919
 14500 2.74874
 14600 2.74831
 14700 2.74789
 14800 2.74748
 14900 2.74708
 15000 2.74669
 15100 2.74632
 15200 2.74595
 15300 2.74559
 15400 2.74524
 15500 2.74490
 15600 2.74457
 15700 2.74424
 15800 2.74393
 15900 2.74362
 16000 2.74331
 16100 2.74302
 16200 2.74273
 16300 2.74245
 16400 2.74218
 16500 2.74191
 16600 2.74164
 16700 2.74139
 16800 2.74113
 16900 2.74089
 17000 2.74065
 17100 2.74041
 17200 2.74018
 17300 2.73995
 17400 2.73973
 17500 2.73951
 17600 2.73930
 17700 2.73909
 17800 2.73888
 17900 2.73868
 18000 2.73848
 18100 2.73829
 18200 2.73810
 18300 2.73791
 18400 2.73773
 18500 2.73755
 18600 2.73737
 18700 2.73720
 18800 2.73703
 18900 2.73686
 19000 2.73669
 19100 2.73653
 19200 2.73637
 19300 2.73622
 19400 2.73606
 19500 2.73591
 19600 2.73576
 19700 2.73562
 19800 2.73547
 19900 2.73533
 20000 2.73519
 20100 2.73505
 20200 2.73492
 20300 2.73479
 20400 2.73465
 20500 2.73453
 20600 2.73440
 20700 2.73427
 20800 2.73415
 20900 2.73403
 21000 2.73391
 21100 2.73379
 21200 2.73368
 21300 2.73356
 21400 2.73345
 21500 2.73334
 21600 2.73323
 21700 2.73312
 21800 2.73301
 21900 2.73291
 22000 2.73280
 22100 2.73270
 22200 2.73260
 22300 2.73250
 22400 2.73240
 22500 2.73231
 22600 2.73221
 22700 2.73212
 22800 2.73202
 22900 2.73193
 23000 2.73184
 23100 2.73175
 23200 2.73166
 23300 2.73158
 23400 2.73149
 23500 2.73140
 23600 2.73132
 23700 2.73124
 23800 2.73116
 23900 2.73107
 24000 2.73099
 24100 2.73092
 24200 2.73084
 24300 2.73076
 24400 2.73068
 24500 2.73061
 24600 2.73053
 24700 2.73046
 24800 2.73039
 24900 2.73032
 25000 2.73024
 25100 2.73017
 25200 2.73010
 25300 2.73004
 25400 2.72997
 25500 2.72990
 25600 2.72983
 25700 2.72977
 25800 2.72970
 25900 2.72964
 26000 2.72957
 26100 2.72951
 26200 2.72945
 26300 2.72939
 26400 2.72933
 26500 2.72927
 26600 2.72921
 26700 2.72915
 26800 2.72909
 26900 2.72903
 27000 2.72897
 27100 2.72892
 27200 2.72886
 27300 2.72881
 27400 2.72875
 27500 2.72870
 27600 2.72864
 27700 2.72859
 27800 2.72854
 27900 2.72848
 28000 2.72843
 28100 2.72838
 28200 2.72833
 28300 2.72828
 28400 2.72823
 28500 2.72818
 28600 2.72813
 28700 2.72808
 28800 2.72803
 28900 2.72799
 29000 2.72794
 29100 2.72789
 29200 2.72785
 29300 2.72780
 29400 2.72775
 29500 2.72771
 29600 2.72767
 29700 2.72762
 29800 2.72758
 29900 2.72753
 30000 2.72749
 30100 2.72745
 30200 2.72741
 30300 2.72736
 30400 2.72732
 30500 2.72728
 30600 2.72724
 30700 2.72720
 30800 2.72716
 30900 2.72712
 31000 2.72708
 31100 2.72704
 31200 2.72700
 31300 2.72696
 31400 2.72693
 31500 2.72689
 31600 2.72685
 31700 2.72681
 31800 2.72678
 31900 2.72674
 32000 2.72670
 32100 2.72667
 32200 2.72663
 32300 2.72660
 32400 2.72656
 32500 2.72653
 32600 2.72649
 32700 2.72646
 32800 2.72642
 32900 2.72639
 33000 2.72636
 33100 2.72632
 33200 2.72629
 33300 2.72626
 33400 2.72622
 33500 2.72619
 33600 2.72616
 33700 2.72613
 33800 2.72610
 33900 2.72606
 34000 2.72603
 34100 2.72600
 34200 2.72597
 34300 2.72594
 34400 2.72591
 34500 2.72588
 34600 2.72585
 34700 2.72582
 34800 2.72579
 34900 2.72576
 35000 2.72574
 35100 2.72571
 35200 2.72568
 35300 2.72565
 35400 2.72562
 35500 2.72559
 35600 2.72557
 35700 2.72554
 35800 2.72551
 35900 2.72548
 36000 2.72546
 36100 2.72543
 36200 2.72540
 36300 2.72538
 36400 2.72535
 36500 2.72533
 36600 2.72530
 36700 2.72527
 36800 2.72525
 36900 2.72522
 37000 2.72520
 37100 2.72517
 37200 2.72515
 37300 2.72512
 37400 2.72510
 37500 2.72508
 37600 2.72505
 37700 2.72503
 37800 2.72500
 37900 2.72498
 38000 2.72496
 38100 2.72493
 38200 2.72491
 38300 2.72489
 38400 2.72486
 38500 2.72484
 38600 2.72482
 38700 2.72480
 38800 2.72477
 38900 2.72475
 39000 2.72473
 39100 2.72471
 39200 2.72469
 39300 2.72466
 39400 2.72464
 39500 2.72462
 39600 2.72460
 39700 2.72458
 39800 2.72456
 39900 2.72454
 40000 2.72452
 40100 2.72450
 40200 2.72448
 40300 2.72446
 40400 2.72444
 40500 2.72442
 40600 2.72440
 40700 2.72438
 40800 2.72436
 40900 2.72434
 41000 2.72432
 41100 2.72430
 41200 2.72428
 41300 2.72426
 41400 2.72424
 41500 2.72422
 41600 2.72420
 41700 2.72418
 41800 2.72416
 41900 2.72415
 42000 2.72413
 42100 2.72411
 42200 2.72409
 42300 2.72407
 42400 2.72406
 42500 2.72404
 42600 2.72402
 42700 2.72400
 42800 2.72398
 42900 2.72397
 43000 2.72395
 43100 2.72393
 43200 2.72392
 43300 2.72390
 43400 2.72388
 43500 2.72386
 43600 2.72385
 43700 2.72383
 43800 2.72381
 43900 2.72380
 44000 2.72378
 44100 2.72376
 44200 2.72375
 44300 2.72373
 44400 2.72372
 44500 2.72370
 44600 2.72368
 44700 2.72367
 44800 2.72365
 44900 2.72364
 45000 2.72362
 45100 2.72361
 45200 2.72359
 45300 2.72358
 45400 2.72356
 45500 2.72354
 45600 2.72353
 45700 2.72351
 45800 2.72350
 45900 2.72348
 46000 2.72347
 46100 2.72346
 46200 2.72344
 46300 2.72343
 46400 2.72341
 46500 2.72340
 46600 2.72338
 46700 2.72337
 46800 2.72335
 46900 2.72334
 47000 2.72333
 47100 2.72331
 47200 2.72330
 47300 2.72328
 47400 2.72327
 47500 2.72326
 47600 2.72324
 47700 2.72323
 47800 2.72322
 47900 2.72320
 48000 2.72319
 48100 2.72318
 48200 2.72316
 48300 2.72315
 48400 2.72314
 48500 2.72312
 48600 2.72311
 48700 2.72310
 48800 2.72308
 48900 2.72307
 49000 2.72306
 49100 2.72305
 49200 2.72303
 49300 2.72302
 49400 2.72301
 49500 2.72300
 49600 2.72298
 49700 2.72297
 49800 2.72296
 49900 2.72295
 49999 2.72293
