 0 4.67604
 100 0.96868
 200 0.96865
 300 0.96862
 400 0.96858
 500 0.96855
 600 0.96852
 700 0.96849
 800 0.96845
 900 0.96842
 1000 0.96838
 1100 0.96834
 1200 0.96830
 1300 0.96826
 1400 0.96822
 1500 0.96818
 1600 0.96813
 1700 0.96809
 1800 0.96804
 1900 0.96799
 2000 0.96794
 2100 0.96789
 2200 0.96783
 2300 0.96778
 2400 0.96772
 2500 0.96766
 2600 0.96760
 2700 0.96753
 2800 0.96747
 2900 0.96740
 3000 0.96733
 3100 0.96725
 3200 0.96717
 3300 0.96709
 3400 0.96701
 3500 0.96693
 3600 0.96684
 3700 0.96675
 3800 0.96665
 3900 0.96655
 4000 0.96645
 4100 0.96634
 4200 0.96624
 4300 0.96612
 4400 0.96601
 4500 0.96589
 4600 0.96576
 4700 0.96563
 4800 0.96550
 4900 0.96536
 5000 0.96522
 5100 0.96508
 5200 0.96493
 5300 0.96478
 5400 0.96462
 5500 0.96446
 5600 0.96429
 5700 0.96412
 5800 0.96395
 5900 0.96378
 6000 0.96360
 6100 0.96341
 6200 0.96323
 6300 0.96304
 6400 0.96285
 6500 0.96266
 6600 0.96246
 6700 0.96227
 6800 0.96207
 6900 0.96187
 7000 0.96167
 7100 0.96147
 7200 0.96127
 7300 0.96106
 7400 0.96086
 7500 0.96066
 7600 0.96046
 7700 0.96026
 7800 0.96007
 7900 0.95987
 8000 0.95968
 8100 0.95949
 8200 0.95930
 8300 0.95911
 8400 0.95893
 8500 0.95874
 8600 0.95856
 8700 0.95839
 8800 0.95822
 8900 0.95805
 9000 0.95788
 9100 0.95772
 9200 0.95756
 9300 0.95741
 9400 0.95726
 9500 0.95711
 9600 0.95696
 9700 0.95682
 9800 0.95669
 9900 0.95655
 10000 0.95642
 10100 0.95630
 10200 0.95618
 10300 0.95606
 10400 0.95594
 10500 0.95583
 10600 0.95572
 10700 0.95562
 10800 0.95551
 10900 0.95541
 11000 0.95532
 11100 0.95523
 11200 0.95514
 11300 0.95505
 11400 0.95496
 11500 0.95488
 11600 0.95480
 11700 0.95473
 11800 0.95465
 11900 0.95458
 12000 0.95451
 12100 0.95444
 12200 0.95438
 12300 0.95432
 12400 0.95426
 12500 0.95420
 12600 0.95414
 12700 0.95408
 12800 0.95403
 12900 0.95398
 13000 0.95393
 13100 0.95388
 13200 0.95383
 13300 0.95379
 13400 0.95375
 13500 0.95370
 13600 0.95366
 13700 0.95362
 13800 0.95358
 13900 0.95355
 14000 0.95351
 14100 0.95347
 14200 0.95344
 14300 0.95341
 14400 0.95337
 14500 0.95334
 14600 0.95331
 14700 0.95328
 14800 0.95325
 14900 0.95323
 15000 0.95320
 15100 0.95317
 15200 0.95315
 15300 0.95312
 15400 0.95310
 15500 0.95307
 15600 0.95305
 15700 0.95303
 15800 0.95300
 15900 0.95298
 16000 0.95296
 16100 0.95294
 16200 0.95292
 16300 0.95290
 16400 0.95288
 16500 0.95286
 16600 0.95284
 16700 0.95283
 16800 0.95281
 16900 0.95279
 17000 0.95277
 17100 0.95276
 17200 0.95274
 17300 0.95272
 17400 0.95271
 17500 0.95269
 17600 0.95268
 17700 0.95266
 17800 0.95264
 17900 0.95263
 18000 0.95262
 18100 0.95260
 18200 0.95259
 18300 0.95257
 18400 0.95256
 18500 0.95254
 18600 0.95253
 18700 0.95252
 18800 0.95250
 18900 0.95249
 19000 0.95248
 19100 0.95246
 19200 0.95245
 19300 0.95244
 19400 0.95242
 19500 0.95241
 19600 0.95240
 19700 0.95239
 19800 0.95237
 19900 0.95236
 20000 0.95235
 20100 0.95234
 20200 0.95232
 20300 0.95231
 20400 0.95230
 20500 0.95229
 20600 0.95228
 20700 0.95226
 20800 0.95225
 20900 0.95224
 21000 0.95223
 21100 0.95222
 21200 0.95220
 21300 0.95219
 21400 0.95218
 21500 0.95217
 21600 0.95216
 21700 0.95215
 21800 0.95213
 21900 0.95212
 22000 0.95211
 22100 0.95210
 22200 0.95209
 22300 0.95207
 22400 0.95206
 22500 0.95205
 22600 0.95204
 22700 0.95203
 22800 0.95202
 22900 0.95200
 23000 0.95199
 23100 0.95198
 23200 0.95197
 23300 0.95196
 23400 0.95195
 23500 0.95194
 23600 0.95192
 23700 0.95191
 23800 0.95190
 23900 0.95189
 24000 0.95188
 24100 0.95187
 24200 0.95185
 24300 0.95184
 24400 0.95183
 24500 0.95182
 24600 0.95181
 24700 0.95180
 24800 0.95178
 24900 0.95177
 25000 0.95176
 25100 0.95175
 25200 0.95174
 25300 0.95173
 25400 0.95171
 25500 0.95170
 25600 0.95169
 25700 0.95168
 25800 0.95167
 25900 0.95166
 26000 0.95164
 26100 0.95163
 26200 0.95162
 26300 0.95161
 26400 0.95160
 26500 0.95159
 26600 0.95157
 26700 0.95156
 26800 0.95155
 26900 0.95154
 27000 0.95153
 27100 0.95152
 27200 0.95151
 27300 0.95149
 27400 0.95148
 27500 0.95147
 27600 0.95146
 27700 0.95145
 27800 0.95144
 27900 0.95142
 28000 0.95141
 28100 0.95140
 28200 0.95139
 28300 0.95138
 28400 0.95137
 28500 0.95136
 28600 0.95134
 28700 0.95133
 28800 0.95132
 28900 0.95131
 29000 0.95130
 29100 0.95129
 29200 0.95128
 29300 0.95127
 29400 0.95125
 29500 0.95124
 29600 0.95123
 29700 0.95122
 29800 0.95121
 29900 0.95120
 30000 0.95119
 30100 0.95118
 30200 0.95116
 30300 0.95115
 30400 0.95114
 30500 0.95113
 30600 0.95112
 30700 0.95111
 30800 0.95110
 30900 0.95109
 31000 0.95108
 31100 0.95107
 31200 0.95105
 31300 0.95104
 31400 0.95103
 31500 0.95102
 31600 0.95101
 31700 0.95100
 31800 0.95099
 31900 0.95098
 32000 0.95097
 32100 0.95096
 32200 0.95095
 32300 0.95094
 32400 0.95093
 32500 0.95092
 32600 0.95090
 32700 0.95089
 32800 0.95088
 32900 0.95087
 33000 0.95086
 33100 0.95085
 33200 0.95084
 33300 0.95083
 33400 0.95082
 33500 0.95081
 33600 0.95080
 33700 0.95079
 33800 0.95078
 33900 0.95077
 34000 0.95076
 34100 0.95075
 34200 0.95074
 34300 0.95073
 34400 0.95072
 34500 0.95071
 34600 0.95070
 34700 0.95069
 34800 0.95068
 34900 0.95067
 35000 0.95066
 35100 0.95065
 35200 0.95064
 35300 0.95063
 35400 0.95062
 35500 0.95061
 35600 0.95060
 35700 0.95059
 35800 0.95058
 35900 0.95057
 36000 0.95056
 36100 0.95055
 36200 0.95054
 36300 0.95053
 36400 0.95053
 36500 0.95052
 36600 0.95051
 36700 0.95050
 36800 0.95049
 36900 0.95048
 37000 0.95047
 37100 0.95046
 37200 0.95045
 37300 0.95044
 37400 0.95043
 37500 0.95042
 37600 0.95041
 37700 0.95041
 37800 0.95040
 37900 0.95039
 38000 0.95038
 38100 0.95037
 38200 0.95036
 38300 0.95035
 38400 0.95034
 38500 0.95033
 38600 0.95032
 38700 0.95032
 38800 0.95031
 38900 0.95030
 39000 0.95029
 39100 0.95028
 39200 0.95027
 39300 0.95026
 39400 0.95025
 39500 0.95025
 39600 0.95024
 39700 0.95023
 39800 0.95022
 39900 0.95021
 40000 0.95020
 40100 0.95019
 40200 0.95019
 40300 0.95018
 40400 0.95017
 40500 0.95016
 40600 0.95015
 40700 0.95014
 40800 0.95014
 40900 0.95013
 41000 0.95012
 41100 0.95011
 41200 0.95010
 41300 0.95009
 41400 0.95009
 41500 0.95008
 41600 0.95007
 41700 0.95006
 41800 0.95005
 41900 0.95005
 42000 0.95004
 42100 0.95003
 42200 0.95002
 42300 0.95001
 42400 0.95001
 42500 0.95000
 42600 0.94999
 42700 0.94998
 42800 0.94997
 42900 0.94997
 43000 0.94996
 43100 0.94995
 43200 0.94994
 43300 0.94994
 43400 0.94993
 43500 0.94992
 43600 0.94991
 43700 0.94990
 43800 0.94990
 43900 0.94989
 44000 0.94988
 44100 0.94987
 44200 0.94987
 44300 0.94986
 44400 0.94985
 44500 0.94984
 44600 0.94984
 44700 0.94983
 44800 0.94982
 44900 0.94981
 45000 0.94981
 45100 0.94980
 45200 0.94979
 45300 0.94978
 45400 0.94978
 45500 0.94977
 45600 0.94976
 45700 0.94976
 45800 0.94975
 45900 0.94974
 46000 0.94973
 46100 0.94973
 46200 0.94972
 46300 0.94971
 46400 0.94971
 46500 0.94970
 46600 0.94969
 46700 0.94968
 46800 0.94968
 46900 0.94967
 47000 0.94966
 47100 0.94966
 47200 0.94965
 47300 0.94964
 47400 0.94964
 47500 0.94963
 47600 0.94962
 47700 0.94961
 47800 0.94961
 47900 0.94960
 48000 0.94959
 48100 0.94959
 48200 0.94958
 48300 0.94957
 48400 0.94957
 48500 0.94956
 48600 0.94955
 48700 0.94955
 48800 0.94954
 48900 0.94953
 49000 0.94953
 49100 0.94952
 49200 0.94951
 49300 0.94951
 49400 0.94950
 49500 0.94949
 49600 0.94949
 49700 0.94948
 49800 0.94947
 49900 0.94947
 49999 0.94946
