 0 8.42807
 100 2.49616
 200 2.10282
 300 1.56604
 400 0.93469
 500 0.83746
 600 0.80144
 700 0.78291
 800 0.77178
 900 0.76441
 1000 0.75918
 1100 0.75530
 1200 0.75230
 1300 0.74992
 1400 0.74799
 1500 0.74639
 1600 0.74504
 1700 0.74389
 1800 0.74290
 1900 0.74204
 2000 0.74128
 2100 0.74061
 2200 0.74001
 2300 0.73947
 2400 0.73899
 2500 0.73855
 2600 0.73815
 2700 0.73779
 2800 0.73746
 2900 0.73715
 3000 0.73687
 3100 0.73660
 3200 0.73636
 3300 0.73613
 3400 0.73592
 3500 0.73572
 3600 0.73554
 3700 0.73536
 3800 0.73520
 3900 0.73505
 4000 0.73490
 4100 0.73476
 4200 0.73463
 4300 0.73451
 4400 0.73439
 4500 0.73428
 4600 0.73417
 4700 0.73407
 4800 0.73398
 4900 0.73388
 5000 0.73380
 5100 0.73371
 5200 0.73363
 5300 0.73355
 5400 0.73348
 5500 0.73341
 5600 0.73334
 5700 0.73327
 5800 0.73321
 5900 0.73315
 6000 0.73309
 6100 0.73303
 6200 0.73298
 6300 0.73293
 6400 0.73288
 6500 0.73283
 6600 0.73278
 6700 0.73273
 6800 0.73269
 6900 0.73265
 7000 0.73260
 7100 0.73256
 7200 0.73252
 7300 0.73249
 7400 0.73245
 7500 0.73241
 7600 0.73238
 7700 0.73234
 7800 0.73231
 7900 0.73228
 8000 0.73225
 8100 0.73222
 8200 0.73219
 8300 0.73216
 8400 0.73213
 8500 0.73210
 8600 0.73208
 8700 0.73205
 8800 0.73203
 8900 0.73200
 9000 0.73198
 9100 0.73195
 9200 0.73193
 9300 0.73191
 9400 0.73189
 9500 0.73187
 9600 0.73184
 9700 0.73182
 9800 0.73180
 9900 0.73178
 10000 0.73176
 10100 0.73175
 10200 0.73173
 10300 0.73171
 10400 0.73169
 10500 0.73167
 10600 0.73166
 10700 0.73164
 10800 0.73163
 10900 0.73161
 11000 0.73159
 11100 0.73158
 11200 0.73156
 11300 0.73155
 11400 0.73153
 11500 0.73152
 11600 0.73151
 11700 0.73149
 11800 0.73148
 11900 0.73147
 12000 0.73145
 12100 0.73144
 12200 0.73143
 12300 0.73142
 12400 0.73140
 12500 0.73139
 12600 0.73138
 12700 0.73137
 12800 0.73136
 12900 0.73135
 13000 0.73134
 13100 0.73132
 13200 0.73131
 13300 0.73130
 13400 0.73129
 13500 0.73128
 13600 0.73127
 13700 0.73126
 13800 0.73125
 13900 0.73124
 14000 0.73124
 14100 0.73123
 14200 0.73122
 14300 0.73121
 14400 0.73120
 14500 0.73119
 14600 0.73118
 14700 0.73117
 14800 0.73117
 14900 0.73116
 15000 0.73115
 15100 0.73114
 15200 0.73113
 15300 0.73113
 15400 0.73112
 15500 0.73111
 15600 0.73110
 15700 0.73110
 15800 0.73109
 15900 0.73108
 16000 0.73108
 16100 0.73107
 16200 0.73106
 16300 0.73106
 16400 0.73105
 16500 0.73104
 16600 0.73104
 16700 0.73103
 16800 0.73102
 16900 0.73102
 17000 0.73101
 17100 0.73101
 17200 0.73100
 17300 0.73099
 17400 0.73099
 17500 0.73098
 17600 0.73098
 17700 0.73097
 17800 0.73097
 17900 0.73096
 18000 0.73095
 18100 0.73095
 18200 0.73094
 18300 0.73094
 18400 0.73093
 18500 0.73093
 18600 0.73092
 18700 0.73092
 18800 0.73091
 18900 0.73091
 19000 0.73090
 19100 0.73090
 19200 0.73089
 19300 0.73089
 19400 0.73088
 19500 0.73088
 19600 0.73088
 19700 0.73087
 19800 0.73087
 19900 0.73086
 20000 0.73086
 20100 0.73085
 20200 0.73085
 20300 0.73085
 20400 0.73084
 20500 0.73084
 20600 0.73083
 20700 0.73083
 20800 0.73083
 20900 0.73082
 21000 0.73082
 21100 0.73081
 21200 0.73081
 21300 0.73081
 21400 0.73080
 21500 0.73080
 21600 0.73080
 21700 0.73079
 21800 0.73079
 21900 0.73078
 22000 0.73078
 22100 0.73078
 22200 0.73077
 22300 0.73077
 22400 0.73077
 22500 0.73076
 22600 0.73076
 22700 0.73076
 22800 0.73075
 22900 0.73075
 23000 0.73075
 23100 0.73074
 23200 0.73074
 23300 0.73074
 23400 0.73074
 23500 0.73073
 23600 0.73073
 23700 0.73073
 23800 0.73072
 23900 0.73072
 24000 0.73072
 24100 0.73071
 24200 0.73071
 24300 0.73071
 24400 0.73071
 24500 0.73070
 24600 0.73070
 24700 0.73070
 24800 0.73069
 24900 0.73069
 25000 0.73069
 25100 0.73069
 25200 0.73068
 25300 0.73068
 25400 0.73068
 25500 0.73068
 25600 0.73067
 25700 0.73067
 25800 0.73067
 25900 0.73067
 26000 0.73066
 26100 0.73066
 26200 0.73066
 26300 0.73066
 26400 0.73065
 26500 0.73065
 26600 0.73065
 26700 0.73065
 26800 0.73065
 26900 0.73064
 27000 0.73064
 27100 0.73064
 27200 0.73064
 27300 0.73063
 27400 0.73063
 27500 0.73063
 27600 0.73063
 27700 0.73063
 27800 0.73062
 27900 0.73062
 28000 0.73062
 28100 0.73062
 28200 0.73061
 28300 0.73061
 28400 0.73061
 28500 0.73061
 28600 0.73061
 28700 0.73060
 28800 0.73060
 28900 0.73060
 29000 0.73060
 29100 0.73060
 29200 0.73059
 29300 0.73059
 29400 0.73059
 29500 0.73059
 29600 0.73059
 29700 0.73059
 29800 0.73058
 29900 0.73058
 30000 0.73058
 30100 0.73058
 30200 0.73058
 30300 0.73057
 30400 0.73057
 30500 0.73057
 30600 0.73057
 30700 0.73057
 30800 0.73057
 30900 0.73056
 31000 0.73056
 31100 0.73056
 31200 0.73056
 31300 0.73056
 31400 0.73056
 31500 0.73055
 31600 0.73055
 31700 0.73055
 31800 0.73055
 31900 0.73055
 32000 0.73055
 32100 0.73055
 32200 0.73054
 32300 0.73054
 32400 0.73054
 32500 0.73054
 32600 0.73054
 32700 0.73054
 32800 0.73053
 32900 0.73053
 33000 0.73053
 33100 0.73053
 33200 0.73053
 33300 0.73053
 33400 0.73053
 33500 0.73052
 33600 0.73052
 33700 0.73052
 33800 0.73052
 33900 0.73052
 34000 0.73052
 34100 0.73052
 34200 0.73051
 34300 0.73051
 34400 0.73051
 34500 0.73051
 34600 0.73051
 34700 0.73051
 34800 0.73051
 34900 0.73051
 35000 0.73050
 35100 0.73050
 35200 0.73050
 35300 0.73050
 35400 0.73050
 35500 0.73050
 35600 0.73050
 35700 0.73049
 35800 0.73049
 35900 0.73049
 36000 0.73049
 36100 0.73049
 36200 0.73049
 36300 0.73049
 36400 0.73049
 36500 0.73049
 36600 0.73048
 36700 0.73048
 36800 0.73048
 36900 0.73048
 37000 0.73048
 37100 0.73048
 37200 0.73048
 37300 0.73048
 37400 0.73047
 37500 0.73047
 37600 0.73047
 37700 0.73047
 37800 0.73047
 37900 0.73047
 38000 0.73047
 38100 0.73047
 38200 0.73047
 38300 0.73047
 38400 0.73046
 38500 0.73046
 38600 0.73046
 38700 0.73046
 38800 0.73046
 38900 0.73046
 39000 0.73046
 39100 0.73046
 39200 0.73046
 39300 0.73045
 39400 0.73045
 39500 0.73045
 39600 0.73045
 39700 0.73045
 39800 0.73045
 39900 0.73045
 40000 0.73045
 40100 0.73045
 40200 0.73045
 40300 0.73044
 40400 0.73044
 40500 0.73044
 40600 0.73044
 40700 0.73044
 40800 0.73044
 40900 0.73044
 41000 0.73044
 41100 0.73044
 41200 0.73044
 41300 0.73044
 41400 0.73043
 41500 0.73043
 41600 0.73043
 41700 0.73043
 41800 0.73043
 41900 0.73043
 42000 0.73043
 42100 0.73043
 42200 0.73043
 42300 0.73043
 42400 0.73043
 42500 0.73042
 42600 0.73042
 42700 0.73042
 42800 0.73042
 42900 0.73042
 43000 0.73042
 43100 0.73042
 43200 0.73042
 43300 0.73042
 43400 0.73042
 43500 0.73042
 43600 0.73042
 43700 0.73042
 43800 0.73041
 43900 0.73041
 44000 0.73041
 44100 0.73041
 44200 0.73041
 44300 0.73041
 44400 0.73041
 44500 0.73041
 44600 0.73041
 44700 0.73041
 44800 0.73041
 44900 0.73041
 45000 0.73040
 45100 0.73040
 45200 0.73040
 45300 0.73040
 45400 0.73040
 45500 0.73040
 45600 0.73040
 45700 0.73040
 45800 0.73040
 45900 0.73040
 46000 0.73040
 46100 0.73040
 46200 0.73040
 46300 0.73040
 46400 0.73039
 46500 0.73039
 46600 0.73039
 46700 0.73039
 46800 0.73039
 46900 0.73039
 47000 0.73039
 47100 0.73039
 47200 0.73039
 47300 0.73039
 47400 0.73039
 47500 0.73039
 47600 0.73039
 47700 0.73039
 47800 0.73039
 47900 0.73038
 48000 0.73038
 48100 0.73038
 48200 0.73038
 48300 0.73038
 48400 0.73038
 48500 0.73038
 48600 0.73038
 48700 0.73038
 48800 0.73038
 48900 0.73038
 49000 0.73038
 49100 0.73038
 49200 0.73038
 49300 0.73038
 49400 0.73037
 49500 0.73037
 49600 0.73037
 49700 0.73037
 49800 0.73037
 49900 0.73037
 49999 0.73037
