 0 5.03755
 100 1.87447
 200 1.87252
 300 1.86990
 400 1.86621
 500 1.86073
 600 1.85220
 700 1.83863
 800 1.81911
 900 1.79880
 1000 1.78443
 1100 1.77538
 1200 1.76916
 1300 1.76446
 1400 1.76068
 1500 1.75753
 1600 1.75486
 1700 1.75255
 1800 1.75052
 1900 1.74873
 2000 1.74714
 2100 1.74570
 2200 1.74440
 2300 1.74321
 2400 1.74212
 2500 1.74111
 2600 1.74017
 2700 1.73930
 2800 1.73847
 2900 1.73769
 3000 1.73696
 3100 1.73625
 3200 1.73559
 3300 1.73495
 3400 1.73434
 3500 1.73375
 3600 1.73319
 3700 1.73265
 3800 1.73212
 3900 1.73162
 4000 1.73112
 4100 1.73065
 4200 1.73019
 4300 1.72974
 4400 1.72930
 4500 1.72888
 4600 1.72846
 4700 1.72806
 4800 1.72766
 4900 1.72727
 5000 1.72689
 5100 1.72651
 5200 1.72614
 5300 1.72577
 5400 1.72540
 5500 1.72504
 5600 1.72468
 5700 1.72432
 5800 1.72396
 5900 1.72359
 6000 1.72322
 6100 1.72285
 6200 1.72247
 6300 1.72208
 6400 1.72168
 6500 1.72127
 6600 1.72084
 6700 1.72040
 6800 1.71995
 6900 1.71947
 7000 1.71897
 7100 1.71845
 7200 1.71791
 7300 1.71734
 7400 1.71673
 7500 1.71610
 7600 1.71544
 7700 1.71474
 7800 1.71400
 7900 1.71323
 8000 1.71242
 8100 1.71158
 8200 1.71070
 8300 1.70979
 8400 1.70884
 8500 1.70786
 8600 1.70685
 8700 1.70582
 8800 1.70476
 8900 1.70368
 9000 1.70259
 9100 1.70147
 9200 1.70035
 9300 1.69921
 9400 1.69807
 9500 1.69692
 9600 1.69577
 9700 1.69460
 9800 1.69344
 9900 1.69226
 10000 1.69107
 10100 1.68988
 10200 1.68866
 10300 1.68743
 10400 1.68617
 10500 1.68489
 10600 1.68357
 10700 1.68222
 10800 1.68081
 10900 1.67936
 11000 1.67785
 11100 1.67629
 11200 1.67467
 11300 1.67300
 11400 1.67128
 11500 1.66951
 11600 1.66770
 11700 1.66586
 11800 1.66398
 11900 1.66206
 12000 1.66011
 12100 1.65811
 12200 1.65608
 12300 1.65400
 12400 1.65189
 12500 1.64974
 12600 1.64757
 12700 1.64538
 12800 1.64318
 12900 1.64097
 13000 1.63878
 13100 1.63659
 13200 1.63443
 13300 1.63229
 13400 1.63018
 13500 1.62810
 13600 1.62606
 13700 1.62405
 13800 1.62208
 13900 1.62015
 14000 1.61825
 14100 1.61639
 14200 1.61456
 14300 1.61276
 14400 1.61099
 14500 1.60925
 14600 1.60754
 14700 1.60585
 14800 1.60418
 14900 1.60253
 15000 1.60090
 15100 1.59928
 15200 1.59768
 15300 1.59609
 15400 1.59451
 15500 1.59295
 15600 1.59138
 15700 1.58983
 15800 1.58827
 15900 1.58672
 16000 1.58517
 16100 1.58361
 16200 1.58204
 16300 1.58046
 16400 1.57884
 16500 1.57718
 16600 1.57542
 16700 1.57345
 16800 1.57073
 16900 1.56283
 17000 1.17263
 17100 0.73010
 17200 0.69015
 17300 0.67751
 17400 0.67187
 17500 0.66855
 17600 0.66615
 17700 0.66420
 17800 0.66248
 17900 0.66091
 18000 0.65942
 18100 0.65800
 18200 0.65663
 18300 0.65529
 18400 0.65398
 18500 0.65269
 18600 0.65141
 18700 0.65016
 18800 0.64891
 18900 0.64768
 19000 0.64646
 19100 0.64525
 19200 0.64404
 19300 0.64285
 19400 0.64166
 19500 0.64049
 19600 0.63932
 19700 0.63815
 19800 0.63700
 19900 0.63585
 20000 0.63471
 20100 0.63358
 20200 0.63246
 20300 0.63134
 20400 0.63023
 20500 0.62913
 20600 0.62804
 20700 0.62696
 20800 0.62588
 20900 0.62481
 21000 0.62375
 21100 0.62269
 21200 0.62165
 21300 0.62061
 21400 0.61958
 21500 0.61856
 21600 0.61755
 21700 0.61655
 21800 0.61556
 21900 0.61457
 22000 0.61359
 22100 0.61262
 22200 0.61166
 22300 0.61071
 22400 0.60977
 22500 0.60883
 22600 0.60790
 22700 0.60699
 22800 0.60608
 22900 0.60518
 23000 0.60429
 23100 0.60340
 23200 0.60253
 23300 0.60166
 23400 0.60080
 23500 0.59996
 23600 0.59912
 23700 0.59828
 23800 0.59746
 23900 0.59665
 24000 0.59584
 24100 0.59504
 24200 0.59425
 24300 0.59347
 24400 0.59270
 24500 0.59193
 24600 0.59117
 24700 0.59042
 24800 0.58968
 24900 0.58895
 25000 0.58822
 25100 0.58751
 25200 0.58680
 25300 0.58609
 25400 0.58540
 25500 0.58471
 25600 0.58404
 25700 0.58336
 25800 0.58270
 25900 0.58204
 26000 0.58139
 26100 0.58075
 26200 0.58012
 26300 0.57949
 26400 0.57887
 26500 0.57825
 26600 0.57765
 26700 0.57705
 26800 0.57645
 26900 0.57587
 27000 0.57529
 27100 0.57472
 27200 0.57415
 27300 0.57359
 27400 0.57303
 27500 0.57249
 27600 0.57195
 27700 0.57141
 27800 0.57088
 27900 0.57036
 28000 0.56984
 28100 0.56933
 28200 0.56883
 28300 0.56833
 28400 0.56783
 28500 0.56735
 28600 0.56686
 28700 0.56639
 28800 0.56592
 28900 0.56545
 29000 0.56499
 29100 0.56453
 29200 0.56408
 29300 0.56364
 29400 0.56320
 29500 0.56277
 29600 0.56234
 29700 0.56191
 29800 0.56149
 29900 0.56108
 30000 0.56067
 30100 0.56026
 30200 0.55986
 30300 0.55946
 30400 0.55907
 30500 0.55868
 30600 0.55830
 30700 0.55792
 30800 0.55755
 30900 0.55718
 31000 0.55681
 31100 0.55645
 31200 0.55609
 31300 0.55574
 31400 0.55539
 31500 0.55504
 31600 0.55470
 31700 0.55436
 31800 0.55403
 31900 0.55370
 32000 0.55337
 32100 0.55305
 32200 0.55273
 32300 0.55241
 32400 0.55210
 32500 0.55179
 32600 0.55149
 32700 0.55118
 32800 0.55089
 32900 0.55059
 33000 0.55030
 33100 0.55001
 33200 0.54972
 33300 0.54944
 33400 0.54916
 33500 0.54889
 33600 0.54861
 33700 0.54834
 33800 0.54807
 33900 0.54781
 34000 0.54755
 34100 0.54729
 34200 0.54703
 34300 0.54678
 34400 0.54653
 34500 0.54628
 34600 0.54604
 34700 0.54580
 34800 0.54556
 34900 0.54532
 35000 0.54508
 35100 0.54485
 35200 0.54462
 35300 0.54439
 35400 0.54417
 35500 0.54395
 35600 0.54373
 35700 0.54351
 35800 0.54329
 35900 0.54308
 36000 0.54287
 36100 0.54266
 36200 0.54245
 36300 0.54225
 36400 0.54205
 36500 0.54185
 36600 0.54165
 36700 0.54145
 36800 0.54126
 36900 0.54107
 37000 0.54088
 37100 0.54069
 37200 0.54050
 37300 0.54032
 37400 0.54014
 37500 0.53996
 37600 0.53978
 37700 0.53960
 37800 0.53943
 37900 0.53925
 38000 0.53908
 38100 0.53891
 38200 0.53874
 38300 0.53858
 38400 0.53841
 38500 0.53825
 38600 0.53809
 38700 0.53793
 38800 0.53777
 38900 0.53762
 39000 0.53746
 39100 0.53731
 39200 0.53716
 39300 0.53701
 39400 0.53686
 39500 0.53671
 39600 0.53656
 39700 0.53642
 39800 0.53628
 39900 0.53613
 40000 0.53599
 40100 0.53586
 40200 0.53572
 40300 0.53558
 40400 0.53545
 40500 0.53531
 40600 0.53518
 40700 0.53505
 40800 0.53492
 40900 0.53479
 41000 0.53467
 41100 0.53454
 41200 0.53441
 41300 0.53429
 41400 0.53417
 41500 0.53405
 41600 0.53393
 41700 0.53381
 41800 0.53369
 41900 0.53357
 42000 0.53346
 42100 0.53334
 42200 0.53323
 42300 0.53312
 42400 0.53301
 42500 0.53290
 42600 0.53279
 42700 0.53268
 42800 0.53257
 42900 0.53247
 43000 0.53236
 43100 0.53226
 43200 0.53215
 43300 0.53205
 43400 0.53195
 43500 0.53185
 43600 0.53175
 43700 0.53165
 43800 0.53155
 43900 0.53146
 44000 0.53136
 44100 0.53126
 44200 0.53117
 44300 0.53108
 44400 0.53098
 44500 0.53089
 44600 0.53080
 44700 0.53071
 44800 0.53062
 44900 0.53053
 45000 0.53045
 45100 0.53036
 45200 0.53027
 45300 0.53019
 45400 0.53010
 45500 0.53002
 45600 0.52994
 45700 0.52985
 45800 0.52977
 45900 0.52969
 46000 0.52961
 46100 0.52953
 46200 0.52945
 46300 0.52937
 46400 0.52930
 46500 0.52922
 46600 0.52914
 46700 0.52907
 46800 0.52899
 46900 0.52892
 47000 0.52885
 47100 0.52877
 47200 0.52870
 47300 0.52863
 47400 0.52856
 47500 0.52849
 47600 0.52842
 47700 0.52835
 47800 0.52828
 47900 0.52821
 48000 0.52814
 48100 0.52808
 48200 0.52801
 48300 0.52794
 48400 0.52788
 48500 0.52781
 48600 0.52775
 48700 0.52769
 48800 0.52762
 48900 0.52756
 49000 0.52750
 49100 0.52744
 49200 0.52738
 49300 0.52731
 49400 0.52725
 49500 0.52719
 49600 0.52714
 49700 0.52708
 49800 0.52702
 49900 0.52696
 49999 0.52690
