 0 7.95625
 100 6.15817
 200 6.02265
 300 5.77738
 400 5.61012
 500 5.49376
 600 4.97322
 700 3.65075
 800 3.12137
 900 2.89854
 1000 2.75987
 1100 2.60164
 1200 1.96783
 1300 1.83829
 1400 1.81521
 1500 1.79905
 1600 1.78375
 1700 1.76666
 1800 1.74509
 1900 1.71335
 2000 1.65243
 2100 1.45470
 2200 1.01676
 2300 0.95113
 2400 0.94053
 2500 0.93649
 2600 0.93418
 2700 0.93247
 2800 0.93101
 2900 0.92966
 3000 0.92837
 3100 0.92712
 3200 0.92590
 3300 0.92470
 3400 0.92352
 3500 0.92235
 3600 0.92120
 3700 0.92006
 3800 0.91892
 3900 0.91779
 4000 0.91664
 4100 0.91547
 4200 0.91427
 4300 0.91302
 4400 0.91171
 4500 0.91030
 4600 0.90879
 4700 0.90715
 4800 0.90539
 4900 0.90351
 5000 0.90153
 5100 0.89948
 5200 0.89740
 5300 0.89533
 5400 0.89328
 5500 0.89129
 5600 0.88935
 5700 0.88748
 5800 0.88566
 5900 0.88389
 6000 0.88216
 6100 0.88047
 6200 0.87881
 6300 0.87718
 6400 0.87556
 6500 0.87396
 6600 0.87237
 6700 0.87079
 6800 0.86922
 6900 0.86765
 7000 0.86609
 7100 0.86453
 7200 0.86296
 7300 0.86140
 7400 0.85984
 7500 0.85828
 7600 0.85671
 7700 0.85515
 7800 0.85358
 7900 0.85201
 8000 0.85045
 8100 0.84888
 8200 0.84732
 8300 0.84576
 8400 0.84421
 8500 0.84266
 8600 0.84112
 8700 0.83959
 8800 0.83807
 8900 0.83657
 9000 0.83507
 9100 0.83360
 9200 0.83214
 9300 0.83070
 9400 0.82927
 9500 0.82788
 9600 0.82650
 9700 0.82515
 9800 0.82383
 9900 0.82253
 10000 0.82126
 10100 0.82002
 10200 0.81881
 10300 0.81762
 10400 0.81647
 10500 0.81535
 10600 0.81425
 10700 0.81319
 10800 0.81216
 10900 0.81116
 11000 0.81018
 11100 0.80924
 11200 0.80833
 11300 0.80744
 11400 0.80658
 11500 0.80575
 11600 0.80495
 11700 0.80417
 11800 0.80341
 11900 0.80269
 12000 0.80198
 12100 0.80130
 12200 0.80064
 12300 0.80000
 12400 0.79939
 12500 0.79879
 12600 0.79822
 12700 0.79766
 12800 0.79712
 12900 0.79660
 13000 0.79610
 13100 0.79561
 13200 0.79514
 13300 0.79469
 13400 0.79425
 13500 0.79382
 13600 0.79341
 13700 0.79301
 13800 0.79262
 13900 0.79224
 14000 0.79188
 14100 0.79153
 14200 0.79119
 14300 0.79086
 14400 0.79054
 14500 0.79022
 14600 0.78992
 14700 0.78963
 14800 0.78935
 14900 0.78907
 15000 0.78880
 15100 0.78854
 15200 0.78829
 15300 0.78805
 15400 0.78781
 15500 0.78758
 15600 0.78735
 15700 0.78713
 15800 0.78692
 15900 0.78671
 16000 0.78651
 16100 0.78631
 16200 0.78612
 16300 0.78594
 16400 0.78576
 16500 0.78558
 16600 0.78541
 16700 0.78524
 16800 0.78508
 16900 0.78492
 17000 0.78476
 17100 0.78461
 17200 0.78446
 17300 0.78432
 17400 0.78418
 17500 0.78404
 17600 0.78390
 17700 0.78377
 17800 0.78365
 17900 0.78352
 18000 0.78340
 18100 0.78328
 18200 0.78316
 18300 0.78305
 18400 0.78294
 18500 0.78283
 18600 0.78272
 18700 0.78262
 18800 0.78251
 18900 0.78241
 19000 0.78232
 19100 0.78222
 19200 0.78213
 19300 0.78203
 19400 0.78194
 19500 0.78186
 19600 0.78177
 19700 0.78168
 19800 0.78160
 19900 0.78152
 20000 0.78144
 20100 0.78136
 20200 0.78129
 20300 0.78121
 20400 0.78114
 20500 0.78106
 20600 0.78099
 20700 0.78092
 20800 0.78086
 20900 0.78079
 21000 0.78072
 21100 0.78066
 21200 0.78059
 21300 0.78053
 21400 0.78047
 21500 0.78041
 21600 0.78035
 21700 0.78029
 21800 0.78024
 21900 0.78018
 22000 0.78012
 22100 0.78007
 22200 0.78002
 22300 0.77996
 22400 0.77991
 22500 0.77986
 22600 0.77981
 22700 0.77976
 22800 0.77972
 22900 0.77967
 23000 0.77962
 23100 0.77958
 23200 0.77953
 23300 0.77949
 23400 0.77944
 23500 0.77940
 23600 0.77936
 23700 0.77931
 23800 0.77927
 23900 0.77923
 24000 0.77919
 24100 0.77915
 24200 0.77911
 24300 0.77908
 24400 0.77904
 24500 0.77900
 24600 0.77897
 24700 0.77893
 24800 0.77889
 24900 0.77886
 25000 0.77882
 25100 0.77879
 25200 0.77876
 25300 0.77872
 25400 0.77869
 25500 0.77866
 25600 0.77863
 25700 0.77860
 25800 0.77857
 25900 0.77854
 26000 0.77851
 26100 0.77848
 26200 0.77845
 26300 0.77842
 26400 0.77839
 26500 0.77836
 26600 0.77833
 26700 0.77831
 26800 0.77828
 26900 0.77825
 27000 0.77823
 27100 0.77820
 27200 0.77818
 27300 0.77815
 27400 0.77813
 27500 0.77810
 27600 0.77808
 27700 0.77805
 27800 0.77803
 27900 0.77801
 28000 0.77798
 28100 0.77796
 28200 0.77794
 28300 0.77791
 28400 0.77789
 28500 0.77787
 28600 0.77785
 28700 0.77783
 28800 0.77781
 28900 0.77779
 29000 0.77777
 29100 0.77775
 29200 0.77773
 29300 0.77771
 29400 0.77769
 29500 0.77767
 29600 0.77765
 29700 0.77763
 29800 0.77761
 29900 0.77759
 30000 0.77757
 30100 0.77755
 30200 0.77754
 30300 0.77752
 30400 0.77750
 30500 0.77748
 30600 0.77747
 30700 0.77745
 30800 0.77743
 30900 0.77742
 31000 0.77740
 31100 0.77738
 31200 0.77737
 31300 0.77735
 31400 0.77734
 31500 0.77732
 31600 0.77731
 31700 0.77729
 31800 0.77728
 31900 0.77726
 32000 0.77725
 32100 0.77723
 32200 0.77722
 32300 0.77720
 32400 0.77719
 32500 0.77717
 32600 0.77716
 32700 0.77715
 32800 0.77713
 32900 0.77712
 33000 0.77711
 33100 0.77709
 33200 0.77708
 33300 0.77707
 33400 0.77705
 33500 0.77704
 33600 0.77703
 33700 0.77702
 33800 0.77700
 33900 0.77699
 34000 0.77698
 34100 0.77697
 34200 0.77695
 34300 0.77694
 34400 0.77693
 34500 0.77692
 34600 0.77691
 34700 0.77690
 34800 0.77689
 34900 0.77687
 35000 0.77686
 35100 0.77685
 35200 0.77684
 35300 0.77683
 35400 0.77682
 35500 0.77681
 35600 0.77680
 35700 0.77679
 35800 0.77678
 35900 0.77677
 36000 0.77676
 36100 0.77675
 36200 0.77674
 36300 0.77673
 36400 0.77672
 36500 0.77671
 36600 0.77670
 36700 0.77669
 36800 0.77668
 36900 0.77667
 37000 0.77666
 37100 0.77665
 37200 0.77664
 37300 0.77663
 37400 0.77662
 37500 0.77662
 37600 0.77661
 37700 0.77660
 37800 0.77659
 37900 0.77658
 38000 0.77657
 38100 0.77656
 38200 0.77655
 38300 0.77655
 38400 0.77654
 38500 0.77653
 38600 0.77652
 38700 0.77651
 38800 0.77651
 38900 0.77650
 39000 0.77649
 39100 0.77648
 39200 0.77647
 39300 0.77647
 39400 0.77646
 39500 0.77645
 39600 0.77644
 39700 0.77644
 39800 0.77643
 39900 0.77642
 40000 0.77641
 40100 0.77641
 40200 0.77640
 40300 0.77639
 40400 0.77639
 40500 0.77638
 40600 0.77637
 40700 0.77636
 40800 0.77636
 40900 0.77635
 41000 0.77634
 41100 0.77634
 41200 0.77633
 41300 0.77632
 41400 0.77632
 41500 0.77631
 41600 0.77630
 41700 0.77630
 41800 0.77629
 41900 0.77629
 42000 0.77628
 42100 0.77627
 42200 0.77627
 42300 0.77626
 42400 0.77625
 42500 0.77625
 42600 0.77624
 42700 0.77624
 42800 0.77623
 42900 0.77622
 43000 0.77622
 43100 0.77621
 43200 0.77621
 43300 0.77620
 43400 0.77620
 43500 0.77619
 43600 0.77618
 43700 0.77618
 43800 0.77617
 43900 0.77617
 44000 0.77616
 44100 0.77616
 44200 0.77615
 44300 0.77615
 44400 0.77614
 44500 0.77614
 44600 0.77613
 44700 0.77612
 44800 0.77612
 44900 0.77611
 45000 0.77611
 45100 0.77610
 45200 0.77610
 45300 0.77609
 45400 0.77609
 45500 0.77608
 45600 0.77608
 45700 0.77607
 45800 0.77607
 45900 0.77606
 46000 0.77606
 46100 0.77606
 46200 0.77605
 46300 0.77605
 46400 0.77604
 46500 0.77604
 46600 0.77603
 46700 0.77603
 46800 0.77602
 46900 0.77602
 47000 0.77601
 47100 0.77601
 47200 0.77600
 47300 0.77600
 47400 0.77600
 47500 0.77599
 47600 0.77599
 47700 0.77598
 47800 0.77598
 47900 0.77597
 48000 0.77597
 48100 0.77597
 48200 0.77596
 48300 0.77596
 48400 0.77595
 48500 0.77595
 48600 0.77595
 48700 0.77594
 48800 0.77594
 48900 0.77593
 49000 0.77593
 49100 0.77593
 49200 0.77592
 49300 0.77592
 49400 0.77591
 49500 0.77591
 49600 0.77591
 49700 0.77590
 49800 0.77590
 49900 0.77589
 49999 0.77589
