 0 6.27371
 100 6.15632
 200 6.00133
 300 5.90173
 400 5.85860
 500 5.84262
 600 5.83521
 700 5.83113
 800 5.82861
 900 5.82692
 1000 5.82572
 1100 5.82483
 1200 5.82415
 1300 5.82361
 1400 5.82317
 1500 5.82281
 1600 5.82252
 1700 5.82226
 1800 5.82204
 1900 5.82186
 2000 5.82169
 2100 5.82155
 2200 5.82142
 2300 5.82130
 2400 5.82120
 2500 5.82111
 2600 5.82102
 2700 5.82095
 2800 5.82088
 2900 5.82081
 3000 5.82076
 3100 5.82070
 3200 5.82065
 3300 5.82060
 3400 5.82056
 3500 5.82052
 3600 5.82048
 3700 5.82045
 3800 5.82041
 3900 5.82038
 4000 5.82035
 4100 5.82032
 4200 5.82030
 4300 5.82027
 4400 5.82025
 4500 5.82023
 4600 5.82021
 4700 5.82019
 4800 5.82017
 4900 5.82015
 5000 5.82013
 5100 5.82011
 5200 5.82010
 5300 5.82008
 5400 5.82007
 5500 5.82005
 5600 5.82004
 5700 5.82003
 5800 5.82002
 5900 5.82000
 6000 5.81999
 6100 5.81998
 6200 5.81997
 6300 5.81996
 6400 5.81995
 6500 5.81994
 6600 5.81993
 6700 5.81992
 6800 5.81991
 6900 5.81990
 7000 5.81990
 7100 5.81989
 7200 5.81988
 7300 5.81987
 7400 5.81987
 7500 5.81986
 7600 5.81985
 7700 5.81985
 7800 5.81984
 7900 5.81983
 8000 5.81983
 8100 5.81982
 8200 5.81982
 8300 5.81981
 8400 5.81980
 8500 5.81980
 8600 5.81979
 8700 5.81979
 8800 5.81978
 8900 5.81978
 9000 5.81978
 9100 5.81977
 9200 5.81977
 9300 5.81976
 9400 5.81976
 9500 5.81975
 9600 5.81975
 9700 5.81975
 9800 5.81974
 9900 5.81974
 10000 5.81973
 10100 5.81973
 10200 5.81973
 10300 5.81972
 10400 5.81972
 10500 5.81972
 10600 5.81971
 10700 5.81971
 10800 5.81971
 10900 5.81970
 11000 5.81970
 11100 5.81970
 11200 5.81970
 11300 5.81969
 11400 5.81969
 11500 5.81969
 11600 5.81968
 11700 5.81968
 11800 5.81968
 11900 5.81968
 12000 5.81967
 12100 5.81967
 12200 5.81967
 12300 5.81967
 12400 5.81967
 12500 5.81966
 12600 5.81966
 12700 5.81966
 12800 5.81966
 12900 5.81965
 13000 5.81965
 13100 5.81965
 13200 5.81965
 13300 5.81965
 13400 5.81964
 13500 5.81964
 13600 5.81964
 13700 5.81964
 13800 5.81964
 13900 5.81963
 14000 5.81963
 14100 5.81963
 14200 5.81963
 14300 5.81963
 14400 5.81963
 14500 5.81962
 14600 5.81962
 14700 5.81962
 14800 5.81962
 14900 5.81962
 15000 5.81962
 15100 5.81962
 15200 5.81961
 15300 5.81961
 15400 5.81961
 15500 5.81961
 15600 5.81961
 15700 5.81961
 15800 5.81961
 15900 5.81960
 16000 5.81960
 16100 5.81960
 16200 5.81960
 16300 5.81960
 16400 5.81960
 16500 5.81960
 16600 5.81959
 16700 5.81959
 16800 5.81959
 16900 5.81959
 17000 5.81959
 17100 5.81959
 17200 5.81959
 17300 5.81959
 17400 5.81959
 17500 5.81958
 17600 5.81958
 17700 5.81958
 17800 5.81958
 17900 5.81958
 18000 5.81958
 18100 5.81958
 18200 5.81958
 18300 5.81958
 18400 5.81958
 18500 5.81957
 18600 5.81957
 18700 5.81957
 18800 5.81957
 18900 5.81957
 19000 5.81957
 19100 5.81957
 19200 5.81957
 19300 5.81957
 19400 5.81957
 19500 5.81957
 19600 5.81956
 19700 5.81956
 19800 5.81956
 19900 5.81956
 20000 5.81956
 20100 5.81956
 20200 5.81956
 20300 5.81956
 20400 5.81956
 20500 5.81956
 20600 5.81956
 20700 5.81956
 20800 5.81955
 20900 5.81955
 21000 5.81955
 21100 5.81955
 21200 5.81955
 21300 5.81955
 21400 5.81955
 21500 5.81955
 21600 5.81955
 21700 5.81955
 21800 5.81955
 21900 5.81955
 22000 5.81955
 22100 5.81955
 22200 5.81954
 22300 5.81954
 22400 5.81954
 22500 5.81954
 22600 5.81954
 22700 5.81954
 22800 5.81954
 22900 5.81954
 23000 5.81954
 23100 5.81954
 23200 5.81954
 23300 5.81954
 23400 5.81954
 23500 5.81954
 23600 5.81954
 23700 5.81954
 23800 5.81954
 23900 5.81953
 24000 5.81953
 24100 5.81953
 24200 5.81953
 24300 5.81953
 24400 5.81953
 24500 5.81953
 24600 5.81953
 24700 5.81953
 24800 5.81953
 24900 5.81953
 25000 5.81953
 25100 5.81953
 25200 5.81953
 25300 5.81953
 25400 5.81953
 25500 5.81953
 25600 5.81953
 25700 5.81953
 25800 5.81952
 25900 5.81952
 26000 5.81952
 26100 5.81952
 26200 5.81952
 26300 5.81952
 26400 5.81952
 26500 5.81952
 26600 5.81952
 26700 5.81952
 26800 5.81952
 26900 5.81952
 27000 5.81952
 27100 5.81952
 27200 5.81952
 27300 5.81952
 27400 5.81952
 27500 5.81952
 27600 5.81952
 27700 5.81952
 27800 5.81952
 27900 5.81952
 28000 5.81952
 28100 5.81951
 28200 5.81951
 28300 5.81951
 28400 5.81951
 28500 5.81951
 28600 5.81951
 28700 5.81951
 28800 5.81951
 28900 5.81951
 29000 5.81951
 29100 5.81951
 29200 5.81951
 29300 5.81951
 29400 5.81951
 29500 5.81951
 29600 5.81951
 29700 5.81951
 29800 5.81951
 29900 5.81951
 30000 5.81951
 30100 5.81951
 30200 5.81951
 30300 5.81951
 30400 5.81951
 30500 5.81951
 30600 5.81951
 30700 5.81951
 30800 5.81951
 30900 5.81950
 31000 5.81950
 31100 5.81950
 31200 5.81950
 31300 5.81950
 31400 5.81950
 31500 5.81950
 31600 5.81950
 31700 5.81950
 31800 5.81950
 31900 5.81950
 32000 5.81950
 32100 5.81950
 32200 5.81950
 32300 5.81950
 32400 5.81950
 32500 5.81950
 32600 5.81950
 32700 5.81950
 32800 5.81950
 32900 5.81950
 33000 5.81950
 33100 5.81950
 33200 5.81950
 33300 5.81950
 33400 5.81950
 33500 5.81950
 33600 5.81950
 33700 5.81950
 33800 5.81950
 33900 5.81950
 34000 5.81950
 34100 5.81950
 34200 5.81950
 34300 5.81949
 34400 5.81949
 34500 5.81949
 34600 5.81949
 34700 5.81949
 34800 5.81949
 34900 5.81949
 35000 5.81949
 35100 5.81949
 35200 5.81949
 35300 5.81949
 35400 5.81949
 35500 5.81949
 35600 5.81949
 35700 5.81949
 35800 5.81949
 35900 5.81949
 36000 5.81949
 36100 5.81949
 36200 5.81949
 36300 5.81949
 36400 5.81949
 36500 5.81949
 36600 5.81949
 36700 5.81949
 36800 5.81949
 36900 5.81949
 37000 5.81949
 37100 5.81949
 37200 5.81949
 37300 5.81949
 37400 5.81949
 37500 5.81949
 37600 5.81949
 37700 5.81949
 37800 5.81949
 37900 5.81949
 38000 5.81949
 38100 5.81949
 38200 5.81949
 38300 5.81949
 38400 5.81949
 38500 5.81949
 38600 5.81948
 38700 5.81948
 38800 5.81948
 38900 5.81948
 39000 5.81948
 39100 5.81948
 39200 5.81948
 39300 5.81948
 39400 5.81948
 39500 5.81948
 39600 5.81948
 39700 5.81948
 39800 5.81948
 39900 5.81948
 40000 5.81948
 40100 5.81948
 40200 5.81948
 40300 5.81948
 40400 5.81948
 40500 5.81948
 40600 5.81948
 40700 5.81948
 40800 5.81948
 40900 5.81948
 41000 5.81948
 41100 5.81948
 41200 5.81948
 41300 5.81948
 41400 5.81948
 41500 5.81948
 41600 5.81948
 41700 5.81948
 41800 5.81948
 41900 5.81948
 42000 5.81948
 42100 5.81948
 42200 5.81948
 42300 5.81948
 42400 5.81948
 42500 5.81948
 42600 5.81948
 42700 5.81948
 42800 5.81948
 42900 5.81948
 43000 5.81948
 43100 5.81948
 43200 5.81948
 43300 5.81948
 43400 5.81948
 43500 5.81948
 43600 5.81948
 43700 5.81948
 43800 5.81948
 43900 5.81948
 44000 5.81948
 44100 5.81948
 44200 5.81947
 44300 5.81947
 44400 5.81947
 44500 5.81947
 44600 5.81947
 44700 5.81947
 44800 5.81947
 44900 5.81947
 45000 5.81947
 45100 5.81947
 45200 5.81947
 45300 5.81947
 45400 5.81947
 45500 5.81947
 45600 5.81947
 45700 5.81947
 45800 5.81947
 45900 5.81947
 46000 5.81947
 46100 5.81947
 46200 5.81947
 46300 5.81947
 46400 5.81947
 46500 5.81947
 46600 5.81947
 46700 5.81947
 46800 5.81947
 46900 5.81947
 47000 5.81947
 47100 5.81947
 47200 5.81947
 47300 5.81947
 47400 5.81947
 47500 5.81947
 47600 5.81947
 47700 5.81947
 47800 5.81947
 47900 5.81947
 48000 5.81947
 48100 5.81947
 48200 5.81947
 48300 5.81947
 48400 5.81947
 48500 5.81947
 48600 5.81947
 48700 5.81947
 48800 5.81947
 48900 5.81947
 49000 5.81947
 49100 5.81947
 49200 5.81947
 49300 5.81947
 49400 5.81947
 49500 5.81947
 49600 5.81947
 49700 5.81947
 49800 5.81947
 49900 5.81947
 49999 5.81947
