 0 9.33406
 100 7.74710
 200 4.67509
 300 4.15048
 400 3.84200
 500 3.68102
 600 3.50382
 700 3.31617
 800 2.92295
 900 2.83313
 1000 2.79790
 1100 2.75551
 1200 2.74129
 1300 2.64784
 1400 2.71795
 1500 2.31791
 1600 1.80751
 1700 1.66874
 1800 1.06276
 1900 0.93244
 2000 0.90878
 2100 0.89934
 2200 0.89402
 2300 0.89041
 2400 0.88768
 2500 0.88545
 2600 0.88355
 2700 0.88188
 2800 0.88037
 2900 0.87899
 3000 0.87768
 3100 0.87644
 3200 0.87524
 3300 0.87406
 3400 0.87288
 3500 0.87168
 3600 0.87046
 3700 0.86919
 3800 0.86788
 3900 0.86652
 4000 0.86511
 4100 0.86366
 4200 0.86219
 4300 0.86071
 4400 0.85924
 4500 0.85781
 4600 0.85643
 4700 0.85512
 4800 0.85388
 4900 0.85271
 5000 0.85162
 5100 0.85061
 5200 0.84966
 5300 0.84877
 5400 0.84795
 5500 0.84718
 5600 0.84646
 5700 0.84579
 5800 0.84515
 5900 0.84456
 6000 0.84400
 6100 0.84347
 6200 0.84297
 6300 0.84250
 6400 0.84205
 6500 0.84163
 6600 0.84122
 6700 0.84084
 6800 0.84047
 6900 0.84012
 7000 0.83979
 7100 0.83947
 7200 0.83916
 7300 0.83887
 7400 0.83859
 7500 0.83832
 7600 0.83806
 7700 0.83781
 7800 0.83757
 7900 0.83734
 8000 0.83712
 8100 0.83691
 8200 0.83671
 8300 0.83651
 8400 0.83632
 8500 0.83613
 8600 0.83595
 8700 0.83578
 8800 0.83561
 8900 0.83545
 9000 0.83530
 9100 0.83514
 9200 0.83500
 9300 0.83485
 9400 0.83472
 9500 0.83458
 9600 0.83445
 9700 0.83433
 9800 0.83420
 9900 0.83408
 10000 0.83397
 10100 0.83386
 10200 0.83375
 10300 0.83364
 10400 0.83354
 10500 0.83344
 10600 0.83334
 10700 0.83324
 10800 0.83315
 10900 0.83306
 11000 0.83297
 11100 0.83288
 11200 0.83280
 11300 0.83272
 11400 0.83264
 11500 0.83256
 11600 0.83248
 11700 0.83241
 11800 0.83233
 11900 0.83226
 12000 0.83219
 12100 0.83213
 12200 0.83206
 12300 0.83199
 12400 0.83193
 12500 0.83187
 12600 0.83181
 12700 0.83175
 12800 0.83169
 12900 0.83163
 13000 0.83158
 13100 0.83152
 13200 0.83147
 13300 0.83142
 13400 0.83136
 13500 0.83131
 13600 0.83127
 13700 0.83122
 13800 0.83117
 13900 0.83112
 14000 0.83108
 14100 0.83103
 14200 0.83099
 14300 0.83095
 14400 0.83090
 14500 0.83086
 14600 0.83082
 14700 0.83078
 14800 0.83074
 14900 0.83070
 15000 0.83067
 15100 0.83063
 15200 0.83059
 15300 0.83056
 15400 0.83052
 15500 0.83049
 15600 0.83045
 15700 0.83042
 15800 0.83039
 15900 0.83035
 16000 0.83032
 16100 0.83029
 16200 0.83026
 16300 0.83023
 16400 0.83020
 16500 0.83017
 16600 0.83014
 16700 0.83011
 16800 0.83009
 16900 0.83006
 17000 0.83003
 17100 0.83001
 17200 0.82998
 17300 0.82995
 17400 0.82993
 17500 0.82990
 17600 0.82988
 17700 0.82986
 17800 0.82983
 17900 0.82981
 18000 0.82979
 18100 0.82976
 18200 0.82974
 18300 0.82972
 18400 0.82970
 18500 0.82967
 18600 0.82965
 18700 0.82963
 18800 0.82961
 18900 0.82959
 19000 0.82957
 19100 0.82955
 19200 0.82953
 19300 0.82951
 19400 0.82950
 19500 0.82948
 19600 0.82946
 19700 0.82944
 19800 0.82942
 19900 0.82940
 20000 0.82939
 20100 0.82937
 20200 0.82935
 20300 0.82934
 20400 0.82932
 20500 0.82930
 20600 0.82929
 20700 0.82927
 20800 0.82926
 20900 0.82924
 21000 0.82923
 21100 0.82921
 21200 0.82920
 21300 0.82918
 21400 0.82917
 21500 0.82915
 21600 0.82914
 21700 0.82912
 21800 0.82911
 21900 0.82910
 22000 0.82908
 22100 0.82907
 22200 0.82906
 22300 0.82904
 22400 0.82903
 22500 0.82902
 22600 0.82900
 22700 0.82899
 22800 0.82898
 22900 0.82897
 23000 0.82896
 23100 0.82894
 23200 0.82893
 23300 0.82892
 23400 0.82891
 23500 0.82890
 23600 0.82889
 23700 0.82888
 23800 0.82886
 23900 0.82885
 24000 0.82884
 24100 0.82883
 24200 0.82882
 24300 0.82881
 24400 0.82880
 24500 0.82879
 24600 0.82878
 24700 0.82877
 24800 0.82876
 24900 0.82875
 25000 0.82874
 25100 0.82873
 25200 0.82872
 25300 0.82871
 25400 0.82870
 25500 0.82870
 25600 0.82869
 25700 0.82868
 25800 0.82867
 25900 0.82866
 26000 0.82865
 26100 0.82864
 26200 0.82863
 26300 0.82863
 26400 0.82862
 26500 0.82861
 26600 0.82860
 26700 0.82859
 26800 0.82859
 26900 0.82858
 27000 0.82857
 27100 0.82856
 27200 0.82855
 27300 0.82855
 27400 0.82854
 27500 0.82853
 27600 0.82852
 27700 0.82852
 27800 0.82851
 27900 0.82850
 28000 0.82849
 28100 0.82849
 28200 0.82848
 28300 0.82847
 28400 0.82847
 28500 0.82846
 28600 0.82845
 28700 0.82845
 28800 0.82844
 28900 0.82843
 29000 0.82843
 29100 0.82842
 29200 0.82841
 29300 0.82841
 29400 0.82840
 29500 0.82840
 29600 0.82839
 29700 0.82838
 29800 0.82838
 29900 0.82837
 30000 0.82837
 30100 0.82836
 30200 0.82835
 30300 0.82835
 30400 0.82834
 30500 0.82834
 30600 0.82833
 30700 0.82832
 30800 0.82832
 30900 0.82831
 31000 0.82831
 31100 0.82830
 31200 0.82830
 31300 0.82829
 31400 0.82829
 31500 0.82828
 31600 0.82828
 31700 0.82827
 31800 0.82827
 31900 0.82826
 32000 0.82826
 32100 0.82825
 32200 0.82825
 32300 0.82824
 32400 0.82824
 32500 0.82823
 32600 0.82823
 32700 0.82822
 32800 0.82822
 32900 0.82821
 33000 0.82821
 33100 0.82820
 33200 0.82820
 33300 0.82819
 33400 0.82819
 33500 0.82819
 33600 0.82818
 33700 0.82818
 33800 0.82817
 33900 0.82817
 34000 0.82816
 34100 0.82816
 34200 0.82816
 34300 0.82815
 34400 0.82815
 34500 0.82814
 34600 0.82814
 34700 0.82813
 34800 0.82813
 34900 0.82813
 35000 0.82812
 35100 0.82812
 35200 0.82811
 35300 0.82811
 35400 0.82811
 35500 0.82810
 35600 0.82810
 35700 0.82810
 35800 0.82809
 35900 0.82809
 36000 0.82808
 36100 0.82808
 36200 0.82808
 36300 0.82807
 36400 0.82807
 36500 0.82807
 36600 0.82806
 36700 0.82806
 36800 0.82806
 36900 0.82805
 37000 0.82805
 37100 0.82805
 37200 0.82804
 37300 0.82804
 37400 0.82804
 37500 0.82803
 37600 0.82803
 37700 0.82803
 37800 0.82802
 37900 0.82802
 38000 0.82802
 38100 0.82801
 38200 0.82801
 38300 0.82801
 38400 0.82800
 38500 0.82800
 38600 0.82800
 38700 0.82799
 38800 0.82799
 38900 0.82799
 39000 0.82798
 39100 0.82798
 39200 0.82798
 39300 0.82798
 39400 0.82797
 39500 0.82797
 39600 0.82797
 39700 0.82796
 39800 0.82796
 39900 0.82796
 40000 0.82796
 40100 0.82795
 40200 0.82795
 40300 0.82795
 40400 0.82794
 40500 0.82794
 40600 0.82794
 40700 0.82794
 40800 0.82793
 40900 0.82793
 41000 0.82793
 41100 0.82793
 41200 0.82792
 41300 0.82792
 41400 0.82792
 41500 0.82792
 41600 0.82791
 41700 0.82791
 41800 0.82791
 41900 0.82791
 42000 0.82790
 42100 0.82790
 42200 0.82790
 42300 0.82790
 42400 0.82789
 42500 0.82789
 42600 0.82789
 42700 0.82789
 42800 0.82788
 42900 0.82788
 43000 0.82788
 43100 0.82788
 43200 0.82787
 43300 0.82787
 43400 0.82787
 43500 0.82787
 43600 0.82786
 43700 0.82786
 43800 0.82786
 43900 0.82786
 44000 0.82786
 44100 0.82785
 44200 0.82785
 44300 0.82785
 44400 0.82785
 44500 0.82785
 44600 0.82784
 44700 0.82784
 44800 0.82784
 44900 0.82784
 45000 0.82783
 45100 0.82783
 45200 0.82783
 45300 0.82783
 45400 0.82783
 45500 0.82782
 45600 0.82782
 45700 0.82782
 45800 0.82782
 45900 0.82782
 46000 0.82781
 46100 0.82781
 46200 0.82781
 46300 0.82781
 46400 0.82781
 46500 0.82780
 46600 0.82780
 46700 0.82780
 46800 0.82780
 46900 0.82780
 47000 0.82780
 47100 0.82779
 47200 0.82779
 47300 0.82779
 47400 0.82779
 47500 0.82779
 47600 0.82778
 47700 0.82778
 47800 0.82778
 47900 0.82778
 48000 0.82778
 48100 0.82778
 48200 0.82777
 48300 0.82777
 48400 0.82777
 48500 0.82777
 48600 0.82777
 48700 0.82777
 48800 0.82776
 48900 0.82776
 49000 0.82776
 49100 0.82776
 49200 0.82776
 49300 0.82776
 49400 0.82775
 49500 0.82775
 49600 0.82775
 49700 0.82775
 49800 0.82775
 49900 0.82775
 49999 0.82774
