 0 7.35378
 100 7.10275
 200 7.03116
 300 7.02128
 400 7.01642
 500 7.01173
 600 7.00491
 700 6.99138
 800 6.95674
 900 6.89209
 1000 6.85135
 1100 6.83342
 1200 6.82226
 1300 6.78124
 1400 5.60987
 1500 5.03420
 1600 4.91143
 1700 4.75629
 1800 4.98048
 1900 4.49829
 2000 4.37638
 2100 4.44032
 2200 4.16335
 2300 4.10125
 2400 3.34895
 2500 3.80825
 2600 3.51434
 2700 3.63373
 2800 4.32999
 2900 4.30911
 3000 4.28012
 3100 4.25178
 3200 4.23796
 3300 4.22939
 3400 4.22215
 3500 4.20284
 3600 4.17085
 3700 4.19566
 3800 3.67414
 3900 3.31200
 4000 3.31027
 4100 3.17130
 4200 2.92885
 4300 3.14523
 4400 3.13730
 4500 3.06533
 4600 2.79827
 4700 2.81467
 4800 2.85871
 4900 2.68710
 5000 2.67640
 5100 2.66676
 5200 2.66187
 5300 2.66129
 5400 2.66437
 5500 2.67147
 5600 2.68439
 5700 2.71437
 5800 2.29541
 5900 2.22233
 6000 2.18280
 6100 2.16509
 6200 2.13604
 6300 2.70613
 6400 2.05830
 6500 2.12400
 6600 2.29239
 6700 2.23468
 6800 2.01887
 6900 2.29881
 7000 2.11977
 7100 1.83500
 7200 2.15092
 7300 1.79528
 7400 4.47720
 7500 1.76407
 7600 1.51375
 7700 4.88514
 7800 1.78210
 7900 3.09363
 8000 1.77132
 8100 1.59535
 8200 1.58990
 8300 3.31788
 8400 3.32216
 8500 4.90367
 8600 2.98606
 8700 6.48784
 8800 1.71018
 8900 1.93276
 9000 1.89179
 9100 3.62588
 9200 1.67527
 9300 1.95362
 9400 1.31836
 9500 2.52551
 9600 1.48222
 9700 1.56561
 9800 3.23840
 9900 1.48916
 10000 1.80190
 10100 1.74514
 10200 1.74152
 10300 1.73942
 10400 1.73770
 10500 1.73565
 10600 1.73238
 10700 1.72520
 10800 6.19533
 10900 1.34784
 11000 1.93414
 11100 1.41507
 11200 3.69098
 11300 5.00586
 11400 3.47860
 11500 6.78216
 11600 1.48651
 11700 1.46245
 11800 1.92550
 11900 1.93786
 12000 3.06678
 12100 5.77427
 12200 1.34708
 12300 3.69416
 12400 1.17034
 12500 4.02370
 12600 2.78598
 12700 3.55350
 12800 1.39836
 12900 3.12743
 13000 2.28098
 13100 2.53924
 13200 2.56540
 13300 1.83645
 13400 1.83527
 13500 5.02469
 13600 3.38552
 13700 2.12221
 13800 1.40776
 13900 1.31979
 14000 1.74643
 14100 1.66935
 14200 2.24575
 14300 1.84852
 14400 1.78161
 14500 1.80481
 14600 2.93329
 14700 1.84559
 14800 1.75281
 14900 1.71496
 15000 1.79084
 15100 1.12894
 15200 1.69354
 15300 1.63393
 15400 1.61371
 15500 1.59966
 15600 1.58993
 15700 1.58447
 15800 1.58111
 15900 1.57679
 16000 1.56928
 16100 1.55816
 16200 1.54792
 16300 1.54530
 16400 1.60008
 16500 1.66799
 16600 1.65864
 16700 1.64371
 16800 1.61689
 16900 1.57001
 17000 1.49674
 17100 1.59922
 17200 1.57721
 17300 0.88484
 17400 2.28421
 17500 1.23871
 17600 1.51007
 17700 1.15218
 17800 1.32805
 17900 0.34606
 17988 0.09695
